build/app/outputs/mapping/release/seeds.txt
com.example.taskify.MainActivity
com.example.taskify.MainActivity: MainActivity()
...
androidx.recyclerview.widget.RecyclerView: void setPreserveFocusAfterLayout(boolean)
androidx.core.app.NotificationCompat$Builder$Api21Impl: android.media.AudioAttributes$Builder setUsage(android.media.AudioAttributes$Builder,int)
androidx.media3.exoplayer.video.MediaCodecVideoRenderer$Api26: boolean doesDisplaySupportDolbyVision(android.content.Context)
androidx.recyclerview.widget.RecyclerView: void setHasFixedSize(boolean)
androidx.datastore.preferences.protobuf.GeneratedMessageLite$MethodToInvoke: androidx.datastore.preferences.protobuf.GeneratedMessageLite$MethodToInvoke[] values()
androidx.fragment.app.FragmentContainerView: void setDrawDisappearingViewsLast(boolean)
androidx.appcompat.widget.AppCompatTextViewAutoSizeHelper$Api16Impl: android.text.StaticLayout createStaticLayoutForMeasuring(java.lang.CharSequence,android.text.Layout$Alignment,int,android.widget.TextView,android.text.TextPaint)
org.chromium.support_lib_boundary.IsomorphicObjectBoundaryInterface: java.lang.Object getOrCreatePeer(java.util.concurrent.Callable)
androidx.core.graphics.Insets$Api29Impl: android.graphics.Insets of(int,int,int,int)
androidx.core.os.LocaleListCompat$Api21Impl: java.util.Locale forLanguageTag(java.lang.String)
io.flutter.plugins.pathprovider.Messages$StorageDirectory: io.flutter.plugins.pathprovider.Messages$StorageDirectory valueOf(java.lang.String)
org.chromium.support_lib_boundary.ScriptHandlerBoundaryInterface: void remove()
io.flutter.plugin.editing.ImeSyncDeferringInsetsCallback: boolean access$102(io.flutter.plugin.editing.ImeSyncDeferringInsetsCallback,boolean)
org.chromium.support_lib_boundary.WebkitToCompatConverterBoundaryInterface: java.lang.Object convertServiceWorkerSettings(java.lang.reflect.InvocationHandler)
com.google.android.gms.measurement.AppMeasurement: java.lang.String getCurrentScreenName()
androidx.core.view.WindowInsetsCompat$Impl: androidx.core.graphics.Insets getSystemWindowInsets()
androidx.privacysandbox.ads.adservices.java.measurement.MeasurementManagerFutures$Api33Ext5JavaImpl: com.google.common.util.concurrent.ListenableFuture deleteRegistrationsAsync(androidx.privacysandbox.ads.adservices.measurement.DeletionRequest)
androidx.media.app.NotificationCompat$Api34Impl: android.app.Notification$MediaStyle setRemotePlaybackInfo(android.app.Notification$MediaStyle,java.lang.CharSequence,int,android.app.PendingIntent,java.lang.Boolean)
com.google.firebase.messaging.FirebaseMessagingRegistrar: com.google.firebase.messaging.FirebaseMessaging lambda$getComponents$0(com.google.firebase.components.Qualified,com.google.firebase.components.ComponentContainer)
androidx.media.AudioAttributesImplBaseParcelizer: androidx.media.AudioAttributesImplBase read(androidx.versionedparcelable.VersionedParcel)
androidx.core.os.BundleCompat$Api33Impl: java.lang.Object[] getParcelableArray(android.os.Bundle,java.lang.String,java.lang.Class)
androidx.recyclerview.widget.RecyclerView: void setEdgeEffectFactory(androidx.recyclerview.widget.RecyclerView$EdgeEffectFactory)
androidx.core.view.ViewConfigurationCompat$Api34Impl: int getScaledMinimumFlingVelocity(android.view.ViewConfiguration,int,int,int)
androidx.core.view.accessibility.AccessibilityNodeInfoCompat$Api33Impl: boolean isTextSelectable(android.view.accessibility.AccessibilityNodeInfo)
androidx.appcompat.widget.AppCompatSpinner: android.content.res.ColorStateList getSupportBackgroundTintList()
io.flutter.embedding.engine.renderer.FlutterRenderer$ImageReaderSurfaceProducer: boolean access$300(io.flutter.embedding.engine.renderer.FlutterRenderer$ImageReaderSurfaceProducer)
android.support.v4.media.AudioAttributesImplBaseParcelizer: androidx.media.AudioAttributesImplBase read(androidx.versionedparcelable.VersionedParcel)
androidx.appcompat.widget.AppCompatRadioButton: android.content.res.ColorStateList getSupportCompoundDrawablesTintList()
io.flutter.embedding.engine.renderer.FlutterRenderer$ImageReaderSurfaceProducer: void cleanup()