build/app/outputs/mapping/release/mapping.txt
# compiler: R8
# compiler_version: 8.5.10
# min_api: 24
# common_typos_disable
# {"id":"com.android.tools.r8.mapping","version":"2.2"}
# pg_map_id: 14883b7
# pg_map_hash: SHA-256 14883b72c30e5c464e82830e0107780b4d04b9fce1a4ca6c68f09b597c553f26
com.example.taskify.MainActivity -> com.example.taskify.MainActivity:
# {"id":"sourceFile","fileName":"MainActivity.kt"}
    1:4:void io.flutter.embedding.android.FlutterFragmentActivity.<init>():0:0 -> <init>
    1:4:void <init>():0 -> <init>
...
com.google.android.gms.internal.measurement.zzfk -> com.google.android.gms.internal.measurement.y0:
# {"id":"sourceFile","fileName":"com.google.android.gms:play-services-measurement-sdk-api@@22.2.0"}
    com.google.android.gms.internal.measurement.zzed zzd -> A
      # {"id":"com.android.tools.r8.residualsignature","signature":"Lcom/google/android/gms/internal/measurement/o0;"}
    boolean zzc -> z
    6:9:void com.google.android.gms.internal.measurement.zzed$zzb.<init>(com.google.android.gms.internal.measurement.zzed):0:0 -> <init>
    6:9:void <init>(com.google.android.gms.internal.measurement.zzed,boolean):0 -> <init>
      # {"id":"com.android.tools.r8.residualsignature","signature":"(Lcom/google/android/gms/internal/measurement/o0;Z)V"}
    3:4:com.google.android.gms.internal.measurement.zzdl com.google.android.gms.internal.measurement.zzed.zza(com.google.android.gms.internal.measurement.zzed):0:0 -> a
    3:4:void zza():0 -> a
    5:13:void zza():0:0 -> a
com.google.android.gms.internal.measurement.zzfn -> com.google.android.gms.internal.measurement.z0:
# {"id":"sourceFile","fileName":"com.google.android.gms:play-services-measurement-sdk-api@@22.2.0"}
    java.lang.String zzd -> A
    java.lang.String zze -> B
    android.os.Bundle zzf -> C
    boolean zzg -> D
    boolean zzh -> E
    com.google.android.gms.internal.measurement.zzed zzi -> F
      # {"id":"com.android.tools.r8.residualsignature","signature":"Lcom/google/android/gms/internal/measurement/o0;"}
    java.lang.Long zzc -> z
    17:20:void com.google.android.gms.internal.measurement.zzed$zzb.<init>(com.google.android.gms.internal.measurement.zzed):0:0 -> <init>
    17:20:void <init>(com.google.android.gms.internal.measurement.zzed,java.lang.Long,java.lang.String,java.lang.String,android.os.Bundle,boolean,boolean):0 -> <init>
      # {"id":"com.android.tools.r8.residualsignature","signature":"(Lcom/google/android/gms/internal/measurement/o0;Ljava/lang/String;Ljava/lang/String;Landroid/os/Bundle;)V"}
    16:17:com.google.android.gms.internal.measurement.zzdl com.google.android.gms.internal.measurement.zzed.zza(com.google.android.gms.internal.measurement.zzed):0:0 -> a
    16:17:void zza():0 -> a
    18:34:void zza():0:0 -> a
com.google.android.gms.internal.measurement.zzfp -> com.google.android.gms.internal.measurement.A0:
# {"id":"sourceFile","fileName":"com.google.android.gms:play-services-measurement-sdk-api@@22.2.0"}
    android.app.Activity zzc -> A
    com.google.android.gms.internal.measurement.zzed$zzc zzd -> B
      # {"id":"com.android.tools.r8.residualsignature","signature":"Lcom/google/android/gms/internal/measurement/n0;"}
    int $r8$classId -> z
      # {"id":"com.android.tools.r8.synthesized"}
    6:12:void <init>(com.google.android.gms.internal.measurement.zzed$zzc,android.app.Activity):0:0 -> <init>
    6:12:void <init>(com.google.android.gms.internal.measurement.zzed$zzc,android.app.Activity,int):0 -> <init>
      # {"id":"com.android.tools.r8.synthesized"}
      # {"id":"com.android.tools.r8.residualsignature","signature":"(Lcom/google/android/gms/internal/measurement/n0;Landroid/app/Activity;I)V"}
    13:16:void com.google.android.gms.internal.measurement.zzed$zzb.<init>(com.google.android.gms.internal.measurement.zzed):0:0 -> <init>
    13:16:void <init>(com.google.android.gms.internal.measurement.zzed$zzc,android.app.Activity):0 -> <init>
    13:16:void <init>(com.google.android.gms.internal.measurement.zzed$zzc,android.app.Activity,int):0 -> <init>
    17:23:void <init>(com.google.android.gms.internal.measurement.zzed$zzc,android.app.Activity,int):0:0 -> <init>