build/app/outputs/mapping/release/usage.txt
com.example.taskify.R$drawable
com.example.taskify.R$mipmap
com.example.taskify.R$string
com.example.taskify.R$style
com.example.taskify.R
...
com.google.android.gms.common.internal.CallbackExecutor
com.google.android.gms.common.internal.ClientIdentity
com.google.android.gms.common.internal.ClientSettings:
    public void <init>(android.accounts.Account,java.util.Set,java.util.Map,int,android.view.View,java.lang.String,java.lang.String,com.google.android.gms.signin.SignInOptions)
    public static com.google.android.gms.common.internal.ClientSettings createDefault(android.content.Context)
    public int getGravityForPopups()
    public android.view.View getViewForPopups()
    public final java.util.Map zad()
com.google.android.gms.common.internal.Constants
com.google.android.gms.common.internal.DowngradeableSafeParcel
com.google.android.gms.common.internal.FallbackServiceBroker
com.google.android.gms.common.internal.GetServiceRequest:
    public java.lang.String getCallingPackage()
    public com.google.android.gms.common.Feature[] getClientApiFeatures()
    public int getClientLibraryVersion()
    public android.os.Bundle getExtraArgs()
com.google.android.gms.common.internal.GmsClient:
    protected void <init>(android.content.Context,android.os.Handler,int,com.google.android.gms.common.internal.ClientSettings)
    protected void <init>(android.content.Context,android.os.Looper,int,com.google.android.gms.common.internal.ClientSettings)
    public com.google.android.gms.common.Feature[] getRequiredFeatures()
com.google.android.gms.common.internal.GmsClientSupervisor:
    public boolean bindService(android.content.ComponentName,android.content.ServiceConnection,java.lang.String)
    public boolean bindService(java.lang.String,android.content.ServiceConnection,java.lang.String)
    public static int getDefaultBindFlags()
    public static android.os.HandlerThread getOrStartHandlerThread(int)
    public static void setDefaultBindExecutor(java.util.concurrent.Executor)
    public static boolean setGamHandlerThreadPriorityIfNotInitialized(int)
    public static void setUseHandlerThreadForCallbacks()
    public void unbindService(java.lang.String,android.content.ServiceConnection,java.lang.String)
com.google.android.gms.common.internal.GmsLogger:
    public boolean canLog(int)
    public boolean canLogPii()
    public void d(java.lang.String,java.lang.String)
    public void d(java.lang.String,java.lang.String,java.lang.Throwable)
    public void e(java.lang.String,java.lang.String)
    public void e(java.lang.String,java.lang.String,java.lang.Throwable)
    public varargs void efmt(java.lang.String,java.lang.String,java.lang.Object[])
    public void i(java.lang.String,java.lang.String)
    public void i(java.lang.String,java.lang.String,java.lang.Throwable)
    public void pii(java.lang.String,java.lang.String)
    public void pii(java.lang.String,java.lang.String,java.lang.Throwable)
    public void v(java.lang.String,java.lang.String)
    public void v(java.lang.String,java.lang.String,java.lang.Throwable)
    public void w(java.lang.String,java.lang.String)
    public void w(java.lang.String,java.lang.String,java.lang.Throwable)
    public varargs void wfmt(java.lang.String,java.lang.String,java.lang.Object[])
    public void wtf(java.lang.String,java.lang.String,java.lang.Throwable)
    private final java.lang.String zza(java.lang.String)
    private final varargs java.lang.String zzb(java.lang.String,java.lang.Object[])
com.google.android.gms.common.internal.HideFirstParty
com.google.android.gms.common.internal.IAccountAccessor$Stub:
    public void <init>()
    protected final boolean zza(int,android.os.Parcel,android.os.Parcel,int)
com.google.android.gms.common.internal.ICancelToken$Stub
com.google.android.gms.common.internal.ICancelToken:
    public abstract void cancel()
com.google.android.gms.common.internal.IGmsServiceBroker$Stub
com.google.android.gms.common.internal.ImagesContract
com.google.android.gms.common.internal.LibraryVersion